<?xml version="1.0" encoding="UTF-8"?>
<!-- Generated by org.testng.reporters.JUnitXMLReporter -->
<testsuite ignored="0" hostname="DESKTOP-3HFH5UG" failures="0" tests="21" name="Test" time="3.942" errors="0" timestamp="2022-01-24T17:43:09 IST">
  <testcase classname="basicTestNG.TC1" name="@BeforeClass SetUp" time="3.734">
    <failure type="java.lang.NoSuchMethodError" message="&amp;apos;java.lang.String org.openqa.selenium.Capabilities.getBrowserVersion()&amp;apos;">
      <![CDATA[java.lang.NoSuchMethodError: 'java.lang.String org.openqa.selenium.Capabilities.getBrowserVersion()'
at org.openqa.selenium.chromium.ChromiumDriver.<init>(ChromiumDriver.java:126)
at org.openqa.selenium.chrome.ChromeDriver.<init>(ChromeDriver.java:104)
at org.openqa.selenium.chrome.ChromeDriver.<init>(ChromeDriver.java:91)
at org.openqa.selenium.chrome.ChromeDriver.<init>(ChromeDriver.java:46)
at basicTestNG.TC1.SetUp(TC1.java:24)
at java.base/java.util.ArrayList.forEach(ArrayList.java:1511)
... Removed 25 stack frames]]>
    </failure>
  </testcase> <!-- @BeforeClass SetUp -->
  <testcase classname="basicTestNG.TC1" name="@AfterClass Shutdown" time="-1.64302638961E9">
    <skipped/>
  </testcase> <!-- @AfterClass Shutdown -->
  <testcase classname="basicTestNG.EX1" name="method4" time="0.008"/>
  <testcase classname="basicTestNG.EX1" name="method3" time="0.002"/>
  <testcase classname="bookings.BookHolidaypackage" name="BookHolidaypackage_destination" time="0.001"/>
  <testcase classname="bookings.BookHolidaypackage" name="BookHolidaypackage_dispature" time="0.003"/>
  <testcase classname="bookings.BookHolidaypackage" name="BookHolidaypackage_return" time="0.002"/>
  <testcase classname="bookings.BookHotel" name="BookHotel_CheckIn" time="0.002"/>
  <testcase classname="bookings.BookHotel" name="BookHotel_CheckOut" time="0.002"/>
  <testcase classname="bookings.BookHotel" name="BookHotel_destination" time="0.002"/>
  <testcase classname="bookings.bookFlight" name="BookFlight_OneWay_TestCase1" time="0.002"/>
  <testcase classname="bookings.bookFlight" name="BookFlight_OneWay_TestCase3" time="0.003"/>
  <testcase classname="bookings.bookFlight" name="BookFlight_RoundTrip_TestCase2" time="0.002"/>
  <testcase classname="bookings.bookFlight" name="BookFlight_RoundTrip_TestCase4" time="0.004"/>
  <testcase classname="basicTestNG.firstTestNgProgram" name="method3" time="0.001"/>
  <testcase classname="basicTestNG.firstTestNgProgram" name="method4" time="0.001"/>
  <testcase classname="basicTestNG.TC1" name="VerifyOrangeHRM" time="0.0">
    <skipped/>
  </testcase> <!-- VerifyOrangeHRM -->
  <testcase classname="basicTestNG.EX2" name="method4" time="0.004"/>
  <testcase classname="basicTestNG.EX2" name="method3" time="0.002"/>
  <testcase classname="basicTestNG.Annatations" name="BookFlight_OneWay_TestCase3" time="0.002"/>
  <testcase classname="basicTestNG.Annatations" name="BookFlight_OneWay_TestCase4" time="0.002"/>
  <testcase classname="basicTestNG.Annatations" name="BookFlight_RoundTrip_TestCase1" time="0.002"/>
  <testcase classname="basicTestNG.Annatations" name="BookFlight_RoundTrip_TestCase2" time="0.003"/>
</testsuite> <!-- Test -->
